DevTools failed to load source map: Could not load content for https://horo.mail.ru/-/7df07d23/js/cmpld/horo/web/head.js.map: HTTP error: status code 403, net::ERR_HTTP_RESPONSE_CODE_FAILURE
DevTools failed to load source map: Could not load content for https://horo.mail.ru/-/be1d9b95/js/cmpld/horo/web/common.js.map: HTTP error: status code 403, net::ERR_HTTP_RESPONSE_CODE_FAILURE
DevTools failed to load source map: Could not load content for https://horo.mail.ru/-/77e9f6bd/js/cmpld/horo/web/common_base.js.map: HTTP error: status code 403, net::ERR_HTTP_RESPONSE_CODE_FAILURE
DevTools failed to load source map: Could not load content for https://horo.mail.ru/-/80706ddb/js/cmpld/horo/web/page-horoscope-index.js.map: HTTP error: status code 403, net::ERR_HTTP_RESPONSE_CODE_FAILURE
DevTools failed to load source map: Could not load content for https://horo.mail.ru/-/1_0_1/js/cmpld/common/web/fast-slot.js.map: HTTP error: status code 403, net::ERR_HTTP_RESPONSE_CODE_FAILURE
DevTools failed to load source map: Could not load content for https://horo.mail.ru/-/1_0_1/js/cmpld/common/promisifiedDomEvents.js.map: HTTP error: status code 403, net::ERR_HTTP_RESPONSE_CODE_FAILURE
DevTools failed to load source map: Could not load content for https://horo.mail.ru/-/1_0_1/js/cmpld/common/promisifiedDomEvents.js.map: HTTP error: status code 403, net::ERR_HTTP_RESPONSE_CODE_FAILURE
DevTools failed to load source map: Could not load content for https://horo.mail.ru/-/7df07d23/js/cmpld/horo/web/head.js.map: HTTP error: status code 403, net::ERR_HTTP_RESPONSE_CODE_FAILURE
DevTools failed to load source map: Could not load content for https://horo.mail.ru/-/be1d9b95/js/cmpld/horo/web/common.js.map: HTTP error: status code 403, net::ERR_HTTP_RESPONSE_CODE_FAILURE
DevTools failed to load source map: Could not load content for https://horo.mail.ru/-/80706ddb/js/cmpld/horo/web/page-horoscope-index.js.map: HTTP error: status code 403, net::ERR_HTTP_RESPONSE_CODE_FAILURE
DevTools failed to load source map: Could not load content for https://horo.mail.ru/-/77e9f6bd/js/cmpld/horo/web/common_base.js.map: HTTP error: status code 403, net::ERR_HTTP_RESPONSE_CODE_FAILURE
DevTools failed to load source map: Could not load content for https://horo.mail.ru/-/1_0_1/js/cmpld/common/web/fast-slot.js.map: HTTP error: status code 403, net::ERR_HTTP_RESPONSE_CODE_FAILURE
DevTools failed to load source map: Could not load content for https://horo.mail.ru/-/1_0_1/js/cmpld/common/promisifiedDomEvents.js.map: HTTP error: status code 403, net::ERR_HTTP_RESPONSE_CODE_FAILURE
DevTools failed to load source map: Could not load content for https://horo.mail.ru/-/7df07d23/js/cmpld/horo/web/head.js.map: HTTP error: status code 403, net::ERR_HTTP_RESPONSE_CODE_FAILURE
DevTools failed to load source map: Could not load content for https://horo.mail.ru/-/1_0_1/js/cmpld/common/web/fast-slot.js.map: HTTP error: status code 403, net::ERR_HTTP_RESPONSE_CODE_FAILURE
DevTools failed to load source map: Could not load content for https://horo.mail.ru/-/77e9f6bd/js/cmpld/horo/web/common_base.js.map: HTTP error: status code 403, net::ERR_HTTP_RESPONSE_CODE_FAILURE
DevTools failed to load source map: Could not load content for https://horo.mail.ru/-/80706ddb/js/cmpld/horo/web/page-horoscope-index.js.map: HTTP error: status code 403, net::ERR_HTTP_RESPONSE_CODE_FAILURE
DevTools failed to load source map: Could not load content for https://horo.mail.ru/-/be1d9b95/js/cmpld/horo/web/common.js.map: HTTP error: status code 403, net::ERR_HTTP_RESPONSE_CODE_FAILURE
DevTools failed to load source map: Could not load content for https://horo.mail.ru/-/1_0_1/js/cmpld/common/promisifiedDomEvents.js.map: HTTP error: status code 403, net::ERR_HTTP_RESPONSE_CODE_FAILURE
DevTools failed to load source map: Could not load content for https://horo.mail.ru/-/7df07d23/js/cmpld/horo/web/head.js.map: HTTP error: status code 403, net::ERR_HTTP_RESPONSE_CODE_FAILURE
DevTools failed to load source map: Could not load content for https://horo.mail.ru/-/be1d9b95/js/cmpld/horo/web/common.js.map: HTTP error: status code 403, net::ERR_HTTP_RESPONSE_CODE_FAILURE
DevTools failed to load source map: Could not load content for https://horo.mail.ru/-/1_0_1/js/cmpld/common/web/fast-slot.js.map: HTTP error: status code 403, net::ERR_HTTP_RESPONSE_CODE_FAILURE
DevTools failed to load source map: Could not load content for https://horo.mail.ru/-/77e9f6bd/js/cmpld/horo/web/common_base.js.map: HTTP error: status code 403, net::ERR_HTTP_RESPONSE_CODE_FAILURE
DevTools failed to load source map: Could not load content for https://horo.mail.ru/-/80706ddb/js/cmpld/horo/web/page-horoscope-index.js.map: HTTP error: status code 403, net::ERR_HTTP_RESPONSE_CODE_FAILURE
